<?xml version="1.0" encoding="UTF-8"?>
<!-- Generated by org.testng.reporters.JUnitReportReporter -->
<testsuite skipped="0" hostname="Bulbul-XPS" name="com.testrunner.TestRunner" tests="1" failures="0" timestamp="13 Mar 2020 03:09:17 GMT" time="14.460" errors="0">
  <testcase name="feature" time="14.460" classname="com.testrunner.TestRunner"/>
</testsuite> <!-- com.testrunner.TestRunner -->
